<?xml version="1.0" encoding="UTF-8"?>
<testsuite xmlns:xsi="http://www.w3.org/2001/XMLSchema-instance" xsi:noNamespaceSchemaLocation="https://maven.apache.org/surefire/maven-surefire-plugin/xsd/surefire-test-report-3.0.xsd" version="3.0" name="UserServiceTest" time="1.354" tests="6" errors="0" skipped="0" failures="0">
  <properties>
[...]
</properties>
  <testcase name="saveUser" classname="UserServiceTest" time="0.787">
    <system-out><![CDATA[User Ivan has been saved
]]></system-out>
  </testcase>
  <testcase name="removeUserById" classname="UserServiceTest" time="0.171">
    <system-out><![CDATA[User Ivan has been saved
]]></system-out>
  </testcase>
  <testcase name="getAllUsers" classname="UserServiceTest" time="0.132">
    <system-out><![CDATA[User Ivan has been saved
]]></system-out>
  </testcase>
  <testcase name="dropUsersTable" classname="UserServiceTest" time="0.052"/>
  <testcase name="createUsersTable" classname="UserServiceTest" time="0.049"/>
  <testcase name="cleanUsersTable" classname="UserServiceTest" time="0.102">
    <system-out><![CDATA[User Ivan has been saved
]]></system-out>
  </testcase>
</testsuite>